
> medstory-ai@0.1.0 dev
> next dev --turbopack --port 12000 --hostname 0.0.0.0

   ▲ Next.js 15.3.3 (Turbopack)
   - Local:        http://localhost:12000
   - Network:      http://0.0.0.0:12000

 ✓ Starting...
Attention: Next.js now collects completely anonymous telemetry regarding usage.
This information is used to shape Next.js' roadmap and prioritize features.
You can learn more, including how to opt-out if you'd not like to participate in this anonymous program, by visiting the following URL:
https://nextjs.org/telemetry

 ✓ Compiled middleware in 255ms
 ✓ Ready in 1369ms
 ⚠ Webpack is configured while Turbopack is not, which may cause problems.
 ⚠ See instructions if you need to configure Turbopack:
  https://nextjs.org/docs/app/api-reference/next-config-js/turbo

 ○ Compiling / ...
 ✓ Compiled / in 2.2s
 HEAD / 200 in 2467ms
 ○ Compiling /story-flow-map ...
 ✓ Compiled /story-flow-map in 1174ms
 GET /story-flow-map 200 in 1381ms
 ⚠ Cross origin request detected from work-1-prylhehnxrvslfsr.prod-runtime.all-hands.dev to /_next/* resource. In a future major version of Next.js, you will need to explicitly configure "allowedDevOrigins" in next.config to allow this.
Read more: https://nextjs.org/docs/app/api-reference/config/next-config-js/allowedDevOrigins
 ○ Compiling /api/story-flow-outline ...
 ✓ Compiled /api/story-flow-outline in 854ms
 POST /api/story-flow-outline 200 in 946ms
 POST /api/story-flow-outline 200 in 53ms
 POST /api/story-flow-outline 200 in 30ms
 POST /api/story-flow-outline 200 in 28ms
 POST /api/story-flow-outline 200 in 27ms
 POST /api/story-flow-outline 200 in 29ms
 GET / 200 in 61ms
 GET / 200 in 53ms
 ○ Compiling /enter ...
 ✓ Compiled /enter in 962ms
 GET /enter 200 in 1058ms
 ✓ Compiled in 94ms
 GET /story-flow-map 200 in 233ms
 ○ Compiling /core-story-concept ...
 ✓ Compiled /core-story-concept in 1023ms
 GET /core-story-concept 200 in 1186ms
 GET /story-flow-map 200 in 76ms
